\BOOKMARK [0][-]{chapter*.3}{\376\377\000T\000a\000b\000e\000l\000l\000e\000n\000v\000e\000r\000z\000e\000i\000c\000h\000n\000i\000s}{}% 1
\BOOKMARK [0][-]{chapter*.4}{\376\377\000A\000b\000b\000i\000l\000d\000u\000n\000g\000s\000v\000e\000r\000z\000e\000i\000c\000h\000n\000i\000s}{}% 2
\BOOKMARK [0][-]{chapter*.4}{\376\377\000N\000o\000m\000e\000n\000k\000l\000a\000t\000u\000r}{}% 3
\BOOKMARK [0][-]{chapter.1}{\376\377\000E\000i\000n\000l\000e\000i\000t\000u\000n\000g}{}% 4
\BOOKMARK [1][-]{section.1.1}{\376\377\000P\000r\000o\000b\000l\000e\000m\000s\000t\000e\000l\000l\000u\000n\000g}{chapter.1}% 5
\BOOKMARK [1][-]{section.1.2}{\376\377\000Z\000i\000e\000l\000s\000e\000t\000z\000u\000n\000g\000\040\000u\000n\000d\000\040\000V\000o\000r\000g\000e\000h\000e\000n\000s\000w\000e\000i\000s\000e}{chapter.1}% 6
\BOOKMARK [0][-]{chapter.2}{\376\377\000G\000r\000u\000n\000d\000l\000a\000g\000e\000n}{}% 7
\BOOKMARK [1][-]{section.2.1}{\376\377\000D\000M\000L\000-\000T\000e\000c\000h\000n\000o\000l\000o\000g\000i\000e}{chapter.2}% 8
\BOOKMARK [2][-]{subsection.2.1.1}{\376\377\000M\000a\000t\000e\000r\000i\000a\000l\000-\000P\000a\000r\000a\000m\000e\000t\000e\000r\000\040\000u\000n\000d\000\040\000d\000e\000r\000e\000n\000\040\000E\000i\000n\000f\000l\000u\000s\000s}{section.2.1}% 9
\BOOKMARK [2][-]{subsection.2.1.2}{\376\377\000E\000x\000c\000i\000t\000e\000r\000-\000P\000o\000s\000i\000t\000i\000o\000n\000\040\000u\000n\000d\000\040\000d\000e\000r\000e\000n\000\040\000E\000i\000n\000f\000l\000u\000s\000s}{section.2.1}% 10
\BOOKMARK [1][-]{section.2.2}{\376\377\000V\000e\000r\000g\000l\000e\000i\000c\000h\000\040\000D\000M\000L\000\040\000z\000u\000\040\000k\000o\000n\000v\000e\000n\000t\000i\000o\000n\000e\000l\000l\000e\000n\000\040\000L\000a\000u\000t\000s\000p\000r\000e\000c\000h\000e\000r\000n}{chapter.2}% 11
\BOOKMARK [1][-]{section.2.3}{\376\377\000L\000a\000u\000t\000s\000p\000r\000e\000c\000h\000e\000r\000v\000e\000r\000m\000e\000s\000s\000u\000n\000g}{chapter.2}% 12
\BOOKMARK [0][-]{chapter.3}{\376\377\000L\000\366\000s\000u\000n\000g\000\040\000d\000e\000r\000\040\000A\000u\000f\000g\000a\000b\000e\000n\000s\000t\000e\000l\000l\000u\000n\000g}{}% 13
\BOOKMARK [1][-]{section.3.1}{\376\377\000V\000e\000r\000w\000e\000n\000d\000e\000t\000e\000\040\000H\000a\000r\000d\000w\000a\000r\000e}{chapter.3}% 14
\BOOKMARK [2][-]{subsection.3.1.1}{\376\377\000D\000e\000r\000\040\000E\000x\000c\000i\000t\000e\000r}{section.3.1}% 15
\BOOKMARK [2][-]{subsection.3.1.2}{\376\377\000P\000l\000a\000t\000t\000e\000n\000m\000a\000t\000e\000r\000i\000a\000l}{section.3.1}% 16
\BOOKMARK [2][-]{subsection.3.1.3}{\376\377\000V\000e\000r\000s\000t\000\344\000r\000k\000e\000r\000\040\000u\000n\000d\000\040\000E\000q\000u\000a\000l\000i\000z\000e\000r}{section.3.1}% 17
\BOOKMARK [1][-]{section.3.2}{\376\377\000K\000o\000n\000z\000e\000p\000t\000e\000n\000t\000w\000i\000c\000k\000l\000u\000n\000g\000\040\000d\000e\000s\000\040\000D\000M\000L\000-\000F\000l\000a\000c\000h\000l\000a\000u\000t\000s\000p\000r\000e\000c\000h\000e\000r\000s}{chapter.3}% 18
\BOOKMARK [2][-]{subsection.3.2.1}{\376\377\000F\000r\000e\000q\000u\000e\000n\000z\000w\000e\000i\000c\000h\000e\000n\000k\000o\000n\000f\000i\000g\000u\000r\000a\000t\000i\000o\000n}{section.3.2}% 19
\BOOKMARK [2][-]{subsection.3.2.2}{\376\377\000M\000a\000t\000e\000r\000i\000a\000l\000k\000o\000n\000f\000i\000g\000u\000r\000a\000t\000i\000o\000n}{section.3.2}% 20
\BOOKMARK [2][-]{subsection.3.2.3}{\376\377\000P\000l\000a\000t\000t\000e\000n\000l\000a\000g\000e\000r\000u\000n\000g}{section.3.2}% 21
\BOOKMARK [2][-]{subsection.3.2.4}{\376\377\000A\000l\000l\000g\000e\000m\000e\000i\000n\000e\000\040\000S\000y\000s\000t\000e\000m\000a\000u\000s\000l\000e\000g\000u\000n\000g}{section.3.2}% 22
\BOOKMARK [2][-]{subsection.3.2.5}{\376\377\000K\000o\000n\000z\000e\000p\000t\000e\000n\000t\000s\000c\000h\000e\000i\000d\000u\000n\000g\000\040\000f\000\374\000r\000\040\000d\000i\000e\000s\000e\000\040\000A\000r\000b\000e\000i\000t}{section.3.2}% 23
\BOOKMARK [1][-]{section.3.3}{\376\377\000S\000i\000m\000u\000l\000a\000t\000i\000o\000n\000\040\000i\000n\000\040\000C\000O\000M\000S\000O\000L\000\040\000M\000u\000l\000t\000i\000p\000h\000y\000s\000i\000c\000s}{chapter.3}% 24
\BOOKMARK [2][-]{subsection.3.3.1}{\376\377\000C\000O\000M\000S\000O\000L\000\040\000M\000u\000l\000t\000i\000p\000h\000y\000s\000i\000c\000s}{section.3.3}% 25
\BOOKMARK [2][-]{subsection.3.3.2}{\376\377\000M\000o\000d\000e\000l\000l\000-\000A\000u\000f\000b\000a\000u\000\040\000u\000n\000d\000\040\000S\000i\000m\000u\000l\000a\000t\000i\000o\000n\000e\000n}{section.3.3}% 26
\BOOKMARK [2][-]{subsection.3.3.3}{\376\377\000D\000u\000r\000c\000h\000g\000e\000f\000\374\000h\000r\000t\000e\000\040\000S\000i\000m\000u\000l\000a\000t\000i\000o\000n\000s\000s\000t\000u\000d\000i\000e\000n\000\040\000u\000n\000d\000\040\000E\000r\000g\000e\000b\000n\000i\000s\000s\000e}{section.3.3}% 27
\BOOKMARK [1][-]{section.3.4}{\376\377\000R\000e\000a\000l\000e\000r\000\040\000V\000e\000r\000s\000u\000c\000h\000s\000a\000u\000f\000b\000a\000u}{chapter.3}% 28
\BOOKMARK [2][-]{subsection.3.4.1}{\376\377\000L\000a\000b\000V\000I\000E\000W}{section.3.4}% 29
\BOOKMARK [2][-]{subsection.3.4.2}{\376\377\000B\000l\000o\000c\000k\000s\000c\000h\000a\000l\000t\000b\000i\000l\000d}{section.3.4}% 30
\BOOKMARK [2][-]{subsection.3.4.3}{\376\377\000D\000u\000r\000c\000h\000f\000\374\000h\000r\000u\000n\000g\000\040\000d\000e\000r\000\040\000M\000e\000s\000s\000u\000n\000g\000e\000n}{section.3.4}% 31
\BOOKMARK [2][-]{subsection.3.4.4}{\376\377\000M\000e\000s\000s\000e\000r\000g\000e\000b\000n\000i\000s\000s\000e\000\040\000u\000n\000d\000\040\000A\000u\000s\000w\000e\000r\000t\000u\000n\000g}{section.3.4}% 32
\BOOKMARK [1][-]{section.3.5}{\376\377\000V\000a\000l\000i\000d\000i\000e\000r\000u\000n\000g\000\040\000u\000n\000d\000\040\000V\000e\000r\000g\000l\000e\000i\000c\000h\000\040\000d\000e\000r\000\040\000E\000r\000g\000e\000b\000n\000i\000s\000s\000e}{chapter.3}% 33
\BOOKMARK [0][-]{chapter.4}{\376\377\000U\000m\000s\000e\000t\000z\000u\000n\000g}{}% 34
\BOOKMARK [1][-]{section.4.1}{\376\377\000B\000a\000u\000\040\000n\000a\000c\000h\000\040\000T\000e\000s\000t\000e\000r\000g\000e\000b\000n\000i\000s\000s\000e\000n}{chapter.4}% 35
\BOOKMARK [1][-]{section.4.2}{\376\377\000S\000u\000b\000j\000e\000k\000t\000i\000v\000e\000\040\000H\000\366\000r\000-\000V\000a\000l\000i\000d\000i\000e\000r\000u\000n\000g}{chapter.4}% 36
\BOOKMARK [2][-]{subsection.4.2.1}{\376\377\000E\000r\000g\000e\000b\000n\000i\000s\000\040\000D\000i\000s\000k\000u\000s\000s\000i\000o\000n}{section.4.2}% 37
\BOOKMARK [0][-]{chapter.5}{\376\377\000F\000a\000z\000i\000t}{}% 38
\BOOKMARK [0][-]{chapter.6}{\376\377\000A\000u\000s\000b\000l\000i\000c\000k}{}% 39
\BOOKMARK [0][-]{chapter*.6}{\376\377\000L\000i\000t\000e\000r\000a\000t\000u\000r\000v\000e\000r\000z\000e\000i\000c\000h\000n\000i\000s}{}% 40
\BOOKMARK [0][-]{appendix*.7}{\376\377\000A\000n\000h\000a\000n\000g}{}% 41
\BOOKMARK [1][-]{section*.8}{\376\377\000A\000:\000\040\000D\000a\000t\000e\000n\000b\000l\000a\000t\000t\000\040\000D\000a\000y\000t\000o\000n\000\040\000A\000u\000d\000i\000o\000\040\000D\000A\000E\000X\0003\0002\000E\000P\000-\0004\000\040\000E\000x\000c\000i\000t\000e\000r}{appendix*.7}% 42
\BOOKMARK [1][-]{section*.8}{\376\377\000B\000:\000\040\000D\000a\000t\000e\000n\000b\000l\000a\000t\000t\000\040\000W\000P\000A\000-\0006\0000\0000\000\040\000P\000r\000o\000\040\000S\000t\000e\000r\000e\000o\000-\000L\000e\000i\000s\000t\000u\000n\000g\000s\000e\000n\000d\000s\000t\000u\000f\000e}{appendix*.7}% 43
\BOOKMARK [1][-]{section*.8}{\376\377\000C\000:\000\040\000D\000a\000t\000e\000n\000b\000l\000a\000t\000t\000\040\000K\000A\000P\000A\000\040\000L\000i\000n\000e}{appendix*.7}% 44
\BOOKMARK [1][-]{section*.8}{\376\377\000D\000:\000\040\000D\000a\000t\000e\000n\000b\000l\000a\000t\000t\000\040\000K\000A\000P\000A\000\040\000G\000r\000a\000p\000h}{appendix*.7}% 45
\BOOKMARK [1][-]{section*.8}{\376\377\000E\000:\000\040\000R\000e\000c\000h\000n\000u\000n\000g\000\040\000K\000A\000P\000A\000-\000S\000a\000n\000d\000w\000i\000c\000h\000p\000l\000a\000t\000t\000e\000n}{appendix*.7}% 46
